<?xml version="1.0" encoding="UTF-8"?>
<!-- Generated by org.testng.reporters.JUnitReportReporter -->
<testsuite hostname="LAPTOP-0GFUST29" failures="0" tests="1" name="restAPI.GetRequest" time="2.365" errors="0" timestamp="03 Feb 2024 14:55:35 GMT" skipped="0">
  <testcase classname="restAPI.GetRequest" name="test1" time="2.365"/>
</testsuite> <!-- restAPI.GetRequest -->
