<?xml version="1.0" encoding="UTF-8"?>
<!-- Generated by org.testng.reporters.JUnitReportReporter -->
<testsuite hostname="LAPTOP-0GFUST29" failures="0" tests="1" name="restAPI.PostRequest" time="1.424" errors="0" timestamp="03 Feb 2024 15:26:23 GMT" skipped="0">
  <testcase classname="restAPI.PostRequest" name="test1" time="1.424"/>
</testsuite> <!-- restAPI.PostRequest -->
