<?xml version="1.0" encoding="UTF-8"?>
<!-- Generated by org.testng.reporters.JUnitReportReporter -->
<testsuite hostname="LAPTOP-0GFUST29" failures="0" tests="1" name="RestAPIXML.XMLTest" time="2.882" errors="0" timestamp="2024-02-10T19:50:51 IST" skipped="0">
  <testcase classname="RestAPIXML.XMLTest" name="test1" time="2.882"/>
  <system-out/>
</testsuite> <!-- RestAPIXML.XMLTest -->
