<?xml version="1.0" encoding="UTF-8"?>
<!-- Generated by org.testng.reporters.JUnitReportReporter -->
<testsuite hostname="LAPTOP-0GFUST29" failures="0" tests="1" name="com.simplilearn.RestAssuredProject.DeleteRequest" time="1.748" errors="0" timestamp="03 Feb 2024 16:35:05 GMT" skipped="0">
  <testcase classname="com.simplilearn.RestAssuredProject.DeleteRequest" name="test1" time="1.748"/>
</testsuite> <!-- com.simplilearn.RestAssuredProject.DeleteRequest -->
