<?xml version="1.0" encoding="UTF-8"?>
<!-- Generated by org.testng.reporters.JUnitReportReporter -->
<testsuite hostname="LAPTOP-0GFUST29" failures="0" tests="1" name="github.GetAllRepo" time="1.906" errors="0" timestamp="03 Feb 2024 17:30:33 GMT" skipped="0">
  <testcase classname="github.GetAllRepo" name="test1" time="1.906"/>
</testsuite> <!-- github.GetAllRepo -->
