<?xml version="1.0" encoding="UTF-8"?>
<!-- Generated by org.testng.reporters.JUnitReportReporter -->
<testsuite hostname="LAPTOP-0GFUST29" failures="0" tests="1" name="github.CreateRepo" time="2.729" errors="0" timestamp="2024-02-04T23:48:42 IST" skipped="0">
  <testcase classname="github.CreateRepo" name="test1" time="2.729"/>
  <system-out/>
</testsuite> <!-- github.CreateRepo -->
