<?xml version="1.0" encoding="UTF-8"?>
<!-- Generated by org.testng.reporters.JUnitReportReporter -->
<testsuite hostname="LAPTOP-0GFUST29" failures="0" tests="1" name="restAPI.PostRequestWithJsonFile" time="1.983" errors="0" timestamp="03 Feb 2024 16:19:21 GMT" skipped="0">
  <testcase classname="restAPI.PostRequestWithJsonFile" name="test1" time="1.983"/>
</testsuite> <!-- restAPI.PostRequestWithJsonFile -->
