<?xml version="1.0" encoding="UTF-8"?>
<!-- Generated by org.testng.reporters.JUnitReportReporter -->
<testsuite hostname="LAPTOP-0GFUST29" failures="0" tests="1" name="restAPI.PutRequest" time="1.672" errors="0" timestamp="2024-02-05T00:00:51 IST" skipped="0">
  <testcase classname="restAPI.PutRequest" name="test1" time="1.672"/>
  <system-out/>
</testsuite> <!-- restAPI.PutRequest -->
